#
# A fatal error has been detected by the Java Runtime Environment:
#
#  EXCEPTION_ACCESS_VIOLATION (0xc0000005) at pc=0x65054817, pid=6976, tid=6268
#
# JRE version: 6.0_31-b05
# Java VM: Java HotSpot(TM) Client VM (20.6-b01 mixed mode, sharing windows-x86 )
# Problematic frame:
# C  [QtGui4.dll+0x54817]
#
# If you would like to submit a bug report, please visit:
#   http://java.sun.com/webapps/bugreport/crash.jsp
# The crash happened outside the Java Virtual Machine in native code.
# See problematic frame for where to report the bug.
#

---------------  T H R E A D  ---------------

Current thread (0x02199800):  JavaThread "main" [_thread_in_native, id=6268, stack(0x007e0000,0x00830000)]

siginfo: ExceptionCode=0xc0000005, reading address 0x00000010

Registers:
EAX=0x00000000, EBX=0x0575f8f0, ECX=0x056629a8, EDX=0x0538f318
ESP=0x0082900c, EBP=0x00000000, ESI=0x056d3ed8, EDI=0x0538f2d0
EIP=0x65054817, EFLAGS=0x00010246

Top of Stack: (sp=0x0082900c)
0x0082900c:   e7be17d7 052edd94 056d3ed8 0538f2d0
0x0082901c:   00000000 01000000 05762ca0 04a40000
0x0082902c:   00000000 fffffff5 fffffff5 057623c0
0x0082903c:   04a40000 00000000 00000000 00000000
0x0082904c:   0000002a 00000013 00000000 00010000
0x0082905c:   000035f2 00829080 654f75a8 00000000
0x0082906c:   fffc000c 00000000 00000000 0000002a
0x0082907c:   00000013 05762ca0 0538f200 00829108 

Instructions: (pc=0x65054817)
0x650547f7:   00 00 74 47 80 7c 24 15 00 75 40 80 7c 24 14 00
0x65054807:   75 39 8b 56 10 39 2a 75 18 8b ce e8 29 20 ff ff
0x65054817:   8b 40 10 83 c0 08 8b 00 25 ff 00 00 00 a8 01 75
0x65054827:   1a 8b 84 24 94 00 00 00 50 56 8d 4c 24 20 51 8b 


Register to memory mapping:

EAX=0x00000000 is an unknown value
EBX=0x0575f8f0 is an unknown value
ECX=0x056629a8 is an unknown value
EDX=0x0538f318 is an unknown value
ESP=0x0082900c is pointing into the stack for thread: 0x02199800
EBP=0x00000000 is an unknown value
ESI=0x056d3ed8 is an unknown value
EDI=0x0538f2d0 is an unknown value


Stack: [0x007e0000,0x00830000],  sp=0x0082900c,  free space=292k
Native frames: (J=compiled Java code, j=interpreted, Vv=VM code, C=native code)
C  [QtGui4.dll+0x54817]  QWidgetPrivate::drawWidget+0x537

[error occurred during error reporting (printing native stack), id 0xc0000005]

Java frames: (J=compiled Java code, j=interpreted, Vv=VM code)
j  com.trolltech.qt.gui.QDialog.__qt_exec(J)I+0
j  com.trolltech.qt.gui.QDialog.exec()I+51
j  pl.polsl.bd2.gui.MainWindow.addJustification()V+30
v  ~StubRoutines::call_stub
j  sun.reflect.NativeMethodAccessorImpl.invoke0(Ljava/lang/reflect/Method;Ljava/lang/Object;[Ljava/lang/Object;)Ljava/lang/Object;+0
j  sun.reflect.NativeMethodAccessorImpl.invoke(Ljava/lang/Object;[Ljava/lang/Object;)Ljava/lang/Object;+87
j  sun.reflect.DelegatingMethodAccessorImpl.invoke(Ljava/lang/Object;[Ljava/lang/Object;)Ljava/lang/Object;+6
j  java.lang.reflect.Method.invoke(Ljava/lang/Object;[Ljava/lang/Object;)Ljava/lang/Object;+161
j  com.trolltech.qt.internal.QSignalEmitterInternal$AbstractSignalInternal.emit_helper([Ljava/lang/Object;)V+464
j  com.trolltech.qt.QSignalEmitter$Signal1.emit(Ljava/lang/Object;)V+9
v  ~StubRoutines::call_stub
j  com.trolltech.qt.gui.QApplication.exec()I+0
j  pl.polsl.bd2.gui.MainWindow.main([Ljava/lang/String;)V+16
v  ~StubRoutines::call_stub

---------------  P R O C E S S  ---------------

Java Threads: ( => current thread )
  0x022d2400 JavaThread "Thread-0" daemon [_thread_blocked, id=6476, stack(0x04bf0000,0x04c40000)]
  0x0227e800 JavaThread "Low Memory Detector" daemon [_thread_blocked, id=6820, stack(0x04700000,0x04750000)]
  0x0227a400 JavaThread "C1 CompilerThread0" daemon [_thread_blocked, id=5140, stack(0x04670000,0x046c0000)]
  0x02279000 JavaThread "Attach Listener" daemon [_thread_blocked, id=6380, stack(0x045e0000,0x04630000)]
  0x02276000 JavaThread "Signal Dispatcher" daemon [_thread_blocked, id=4156, stack(0x04550000,0x045a0000)]
  0x0226cc00 JavaThread "Finalizer" daemon [_thread_blocked, id=3100, stack(0x044c0000,0x04510000)]
  0x0226b400 JavaThread "Reference Handler" daemon [_thread_blocked, id=6096, stack(0x04430000,0x04480000)]
=>0x02199800 JavaThread "main" [_thread_in_native, id=6268, stack(0x007e0000,0x00830000)]

Other Threads:
  0x0222e800 VMThread [stack: 0x043a0000,0x043f0000] [id=7040]
  0x02292800 WatcherThread [stack: 0x04790000,0x047e0000] [id=7000]

VM state:not at safepoint (normal execution)

VM Mutex/Monitor currently owned by a thread: None

Heap
 def new generation   total 4928K, used 1352K [0x28050000, 0x285a0000, 0x2d5a0000)
  eden space 4416K,  22% used [0x28050000, 0x281458a0, 0x284a0000)
  from space 512K,  72% used [0x284a0000, 0x284fca50, 0x28520000)
  to   space 512K,   0% used [0x28520000, 0x28520000, 0x285a0000)
 tenured generation   total 10944K, used 809K [0x2d5a0000, 0x2e050000, 0x38050000)
   the space 10944K,   7% used [0x2d5a0000, 0x2d66a6a0, 0x2d66a800, 0x2e050000)
 compacting perm gen  total 12288K, used 5258K [0x38050000, 0x38c50000, 0x3c050000)
   the space 12288K,  42% used [0x38050000, 0x38572bd0, 0x38572c00, 0x38c50000)
    ro space 10240K,  54% used [0x3c050000, 0x3c5cee00, 0x3c5cee00, 0x3ca50000)
    rw space 12288K,  55% used [0x3ca50000, 0x3d0f2800, 0x3d0f2800, 0x3d650000)

Code Cache  [0x022f0000, 0x023b0000, 0x042f0000)
 total_blobs=343 nmethods=177 adapters=102 free_code_cache=32787200 largest_free_block=0

Dynamic libraries:
0x00400000 - 0x00425000 	C:\Program Files (x86)\Java\jdk1.6.0_31\bin\javaw.exe
0x77080000 - 0x77200000 	C:\Windows\SysWOW64\ntdll.dll
0x76020000 - 0x76130000 	C:\Windows\syswow64\kernel32.dll
0x75ef0000 - 0x75f36000 	C:\Windows\syswow64\KERNELBASE.dll
0x75dc0000 - 0x75e60000 	C:\Windows\syswow64\ADVAPI32.dll
0x76550000 - 0x765fc000 	C:\Windows\syswow64\msvcrt.dll
0x76140000 - 0x76159000 	C:\Windows\SysWOW64\sechost.dll
0x75a20000 - 0x75b10000 	C:\Windows\syswow64\RPCRT4.dll
0x74760000 - 0x747c0000 	C:\Windows\syswow64\SspiCli.dll
0x74750000 - 0x7475c000 	C:\Windows\syswow64\CRYPTBASE.dll
0x747c0000 - 0x748c0000 	C:\Windows\syswow64\USER32.dll
0x75e60000 - 0x75ef0000 	C:\Windows\syswow64\GDI32.dll
0x75f40000 - 0x75f4a000 	C:\Windows\syswow64\LPK.dll
0x76160000 - 0x761fd000 	C:\Windows\syswow64\USP10.dll
0x75d60000 - 0x75dc0000 	C:\Windows\system32\IMM32.DLL
0x76600000 - 0x766cc000 	C:\Windows\syswow64\MSCTF.dll
0x10000000 - 0x1004d000 	C:\Windows\SysWOW64\guard32.dll
0x731f0000 - 0x731f9000 	C:\Windows\system32\VERSION.dll
0x731e0000 - 0x731e7000 	C:\Windows\system32\fltlib.dll
0x7c340000 - 0x7c396000 	C:\Program Files (x86)\Java\jdk1.6.0_31\jre\bin\msvcr71.dll
0x6d8c0000 - 0x6db6f000 	C:\Program Files (x86)\Java\jdk1.6.0_31\jre\bin\client\jvm.dll
0x6ea00000 - 0x6ea32000 	C:\Windows\system32\WINMM.dll
0x00180000 - 0x001cc000 	C:\Windows\system32\apphelp.dll
0x6d870000 - 0x6d87c000 	C:\Program Files (x86)\Java\jdk1.6.0_31\jre\bin\verify.dll
0x6d3d0000 - 0x6d3ef000 	C:\Program Files (x86)\Java\jdk1.6.0_31\jre\bin\java.dll
0x6d8b0000 - 0x6d8bf000 	C:\Program Files (x86)\Java\jdk1.6.0_31\jre\bin\zip.dll
0x67000000 - 0x671f3000 	C:\Users\Skoruch\AppData\Local\Temp\QtJambi_Skoruch_x86_4.5.2_01_msvc2005-20090727-1301\bin\QtCore4.dll
0x75890000 - 0x759ec000 	C:\Windows\syswow64\ole32.dll
0x75fe0000 - 0x76015000 	C:\Windows\syswow64\WS2_32.dll
0x77050000 - 0x77056000 	C:\Windows\syswow64\NSI.dll
0x6dfb0000 - 0x6e037000 	C:\Windows\WinSxS\x86_microsoft.vc80.crt_1fc8b3b9a1e18e3b_8.0.50727.4940_none_d08cc06a442b34fc\MSVCP80.dll
0x6e930000 - 0x6e9cb000 	C:\Windows\WinSxS\x86_microsoft.vc80.crt_1fc8b3b9a1e18e3b_8.0.50727.4940_none_d08cc06a442b34fc\MSVCR80.dll
0x049e0000 - 0x04a14000 	C:\Users\Skoruch\AppData\Local\Temp\QtJambi_Skoruch_x86_4.5.2_01_msvc2005-20090727-1301\bin\qtjambi.dll
0x04c40000 - 0x04d00000 	C:\Users\Skoruch\AppData\Local\Temp\QtJambi_Skoruch_x86_4.5.2_01_msvc2005-20090727-1301\bin\com_trolltech_qt_core.dll
0x65000000 - 0x65753000 	C:\Users\Skoruch\AppData\Local\Temp\QtJambi_Skoruch_x86_4.5.2_01_msvc2005-20090727-1301\bin\QtGui4.dll
0x76740000 - 0x767bb000 	C:\Windows\syswow64\comdlg32.dll
0x75f80000 - 0x75fd7000 	C:\Windows\syswow64\SHLWAPI.dll
0x72220000 - 0x723be000 	C:\Windows\WinSxS\x86_microsoft.windows.common-controls_6595b64144ccf1df_6.0.7601.17514_none_41e6975e2bd6f2b2\COMCTL32.dll
0x74c40000 - 0x7588a000 	C:\Windows\syswow64\SHELL32.dll
0x75b10000 - 0x75b9f000 	C:\Windows\syswow64\OLEAUT32.dll
0x70830000 - 0x70881000 	C:\Windows\system32\WINSPOOL.DRV
0x04dc0000 - 0x052a0000 	C:\Users\Skoruch\AppData\Local\Temp\QtJambi_Skoruch_x86_4.5.2_01_msvc2005-20090727-1301\bin\com_trolltech_qt_gui.dll
0x72180000 - 0x72200000 	C:\Windows\system32\uxtheme.dll
0x72110000 - 0x72123000 	C:\Windows\system32\dwmapi.dll
0x72bc0000 - 0x72bd6000 	C:\Windows\system32\CRYPTSP.dll
0x72a60000 - 0x72a9b000 	C:\Windows\system32\rsaenh.dll
0x71f20000 - 0x71f2e000 	C:\Windows\system32\RpcRtRemote.dll
0x766d0000 - 0x766d5000 	C:\Windows\system32\PSAPI.DLL
0x6ddb0000 - 0x6de9b000 	C:\Windows\system32\dbghelp.dll

VM Arguments:
jvm_args: -Dfile.encoding=Cp1250 
java_command: pl.polsl.bd2.gui.MainWindow
Launcher Type: SUN_STANDARD

Environment Variables:
PATH=C:/Program Files (x86)/Java/jre7/bin/client;C:/Program Files (x86)/Java/jre7/bin;C:/Program Files (x86)/Java/jre7/lib/i386;C:\Program Files (x86)\AMD APP\bin\x86_64;C:\Program Files (x86)\AMD APP\bin\x86;C:\Python27\Lib\site-packages\PyQt4;C:\WinAVR-20100110\bin;C:\WinAVR-20100110\utils\bin;C:\WINDOWS\System32;C:\WINDOWS;C:\WINDOWS\System32\Wbem;C:\MinGW\msys\1.0\bin;C:\Program Files (x86)\ATI Technologies\ATI.ACE\Core-Static;C:\MinGW\lib;C:\MinGW\bin;C:\MinGW\include;C:\Python27;C:\Python27\Scripts;C:\Python27\Lib;C:\Program Files (x86)\Git\bin;C:\Program Files (x86)\GNU\GnuPG\pub;C:\Program Files (x86)\eclipse;
USERNAME=Skoruch
OS=Windows_NT
PROCESSOR_IDENTIFIER=AMD64 Family 16 Model 5 Stepping 2, AuthenticAMD



---------------  S Y S T E M  ---------------

OS: Windows 7 , 64 bit Build 7601 Service Pack 1

CPU:total 4 (4 cores per cpu, 1 threads per core) family 16 model 5 stepping 2, cmov, cx8, fxsr, mmx, sse, sse2, sse3, popcnt, mmxext, 3dnow, 3dnowext, lzcnt, sse4a

Memory: 4k page, physical 8387896k(5746032k free), swap 9434620k(6107952k free)

vm_info: Java HotSpot(TM) Client VM (20.6-b01) for windows-x86 JRE (1.6.0_31-b05), built on Feb  3 2012 18:44:09 by "java_re" with MS VC++ 7.1 (VS2003)

time: Fri May 11 22:04:25 2012
elapsed time: 10 seconds

